<?xml version="1.0" encoding="UTF-8"?>
<!-- Generated by org.testng.reporters.JUnitReportReporter -->
<testsuite hostname="Joy" failures="0" tests="1" name="orange.ny.myrunner.MyRunner" time="5.654" errors="0" timestamp="28 Nov 2023 05:37:48 GMT" skipped="0">
  <testcase classname="orange.ny.myrunner.MyRunner" name="runScenario" time="5.654"/>
</testsuite> <!-- orange.ny.myrunner.MyRunner -->
